<?xml version="1.0" ?>
<!DOCTYPE coverage SYSTEM "http://cobertura.sourceforge.net/xml/coverage-04.dtd">
<coverage lines-valid="43" lines-covered="18" line-rate="0.41859999999999997" branches-valid="16" branches-covered="6" branch-rate="0.375" timestamp="1606264343138" complexity="0" version="0.1">
  <sources>
    <source>C:\Users\hudso\Desktop\testes-automatizados</source>
  </sources>
  <packages>
    <class name="users.js" filename="app\controllers\users.js" line-rate="0.41859999999999997" branch-rate="0.375">
      <methods>
        <method name="(anonymous_0)" hits="1" signature="()V">
          <lines>
            <line number="1" hits="1"/>
          </lines>
        </method>
        <method name="(anonymous_1)" hits="1" signature="()V">
          <lines>
            <line number="5" hits="1"/>
          </lines>
        </method>
        <method name="(anonymous_2)" hits="1" signature="()V">
          <lines>
            <line number="23" hits="1"/>
          </lines>
        </method>
        <method name="(anonymous_3)" hits="0" signature="()V">
          <lines>
            <line number="59" hits="0"/>
          </lines>
        </method>
        <method name="(anonymous_4)" hits="0" signature="()V">
          <lines>
            <line number="75" hits="0"/>
          </lines>
        </method>
      </methods>
      <lines>
        <line number="1" hits="1" branch="false"/>
        <line number="2" hits="1" branch="false"/>
        <line number="3" hits="1" branch="false"/>
        <line number="5" hits="1" branch="false"/>
        <line number="6" hits="1" branch="false"/>
        <line number="7" hits="1" branch="false"/>
        <line number="14" hits="1" branch="true" condition-coverage="50% (1/2)"/>
        <line number="16" hits="0" branch="false"/>
        <line number="18" hits="0" branch="false"/>
        <line number="19" hits="0" branch="false"/>
        <line number="23" hits="1" branch="false"/>
        <line number="24" hits="1" branch="false"/>
        <line number="26" hits="1" branch="true" condition-coverage="50% (1/2)"/>
        <line number="27" hits="0" branch="false"/>
        <line number="32" hits="1" branch="false"/>
        <line number="34" hits="1" branch="true" condition-coverage="75% (3/4)"/>
        <line number="35" hits="0" branch="false"/>
        <line number="40" hits="1" branch="false"/>
        <line number="42" hits="1" branch="true" condition-coverage="50% (1/2)"/>
        <line number="43" hits="1" branch="false"/>
        <line number="47" hits="0" branch="false"/>
        <line number="52" hits="0" branch="false"/>
        <line number="53" hits="0" branch="false"/>
        <line number="59" hits="1" branch="false"/>
        <line number="60" hits="0" branch="false"/>
        <line number="61" hits="0" branch="false"/>
        <line number="63" hits="0" branch="false"/>
        <line number="68" hits="0" branch="false"/>
        <line number="69" hits="0" branch="false"/>
        <line number="75" hits="1" branch="false"/>
        <line number="76" hits="0" branch="false"/>
        <line number="78" hits="0" branch="true" condition-coverage="0% (0/2)"/>
        <line number="79" hits="0" branch="false"/>
        <line number="84" hits="0" branch="false"/>
        <line number="86" hits="0" branch="true" condition-coverage="0% (0/2)"/>
        <line number="87" hits="0" branch="false"/>
        <line number="92" hits="0" branch="false"/>
        <line number="97" hits="0" branch="true" condition-coverage="0% (0/2)"/>
        <line number="98" hits="0" branch="false"/>
        <line number="102" hits="0" branch="false"/>
        <line number="107" hits="0" branch="false"/>
        <line number="108" hits="0" branch="false"/>
        <line number="114" hits="1" branch="false"/>
      </lines>
    </class>
  </packages>
</coverage>
