TN:
SF:app\controllers\users.js
FN:1,(anonymous_0)
FN:5,(anonymous_1)
FN:23,(anonymous_2)
FN:59,(anonymous_3)
FN:75,(anonymous_4)
FNF:5
FNH:3
FNDA:1,(anonymous_0)
FNDA:1,(anonymous_1)
FNDA:1,(anonymous_2)
FNDA:0,(anonymous_3)
FNDA:0,(anonymous_4)
DA:1,1
DA:2,1
DA:3,1
DA:5,1
DA:6,1
DA:7,1
DA:14,1
DA:16,0
DA:18,0
DA:19,0
DA:23,1
DA:24,1
DA:26,1
DA:27,0
DA:32,1
DA:34,1
DA:35,0
DA:40,1
DA:42,1
DA:43,1
DA:47,0
DA:52,0
DA:53,0
DA:59,1
DA:60,0
DA:61,0
DA:63,0
DA:68,0
DA:69,0
DA:75,1
DA:76,0
DA:78,0
DA:79,0
DA:84,0
DA:86,0
DA:87,0
DA:92,0
DA:97,0
DA:98,0
DA:102,0
DA:107,0
DA:108,0
DA:114,1
LF:43
LH:18
BRDA:14,0,0,1
BRDA:14,0,1,0
BRDA:26,1,0,0
BRDA:26,1,1,1
BRDA:34,2,0,0
BRDA:34,2,1,1
BRDA:34,3,0,1
BRDA:34,3,1,1
BRDA:42,4,0,1
BRDA:42,4,1,0
BRDA:78,5,0,0
BRDA:78,5,1,0
BRDA:86,6,0,0
BRDA:86,6,1,0
BRDA:97,7,0,0
BRDA:97,7,1,0
BRF:16
BRH:6
end_of_record
